[ 2017-07-15T20:03:17+08:00 ] 127.0.0.1 /
INFO: [ app_init ] --START--
INFO: Run Behavior\BuildLiteBehavior [ RunTime:0.000000s ]
INFO: [ app_init ] --END-- [ RunTime:0.001000s ]
INFO: [ app_begin ] --START--
INFO: Run Behavior\ReadHtmlCacheBehavior [ RunTime:0.001000s ]
INFO: [ app_begin ] --END-- [ RunTime:0.001000s ]
SQL: SHOW COLUMNS FROM `cat` [ RunTime:0.2140s ]
SQL: SELECT * FROM `cat`  [ RunTime:0.0010s ]
SQL: SELECT * FROM `cat`  [ RunTime:0.0000s ]
SQL: SELECT * FROM `cat`  [ RunTime:0.0000s ]
SQL: SELECT * FROM `cat`  [ RunTime:0.0000s ]
SQL: SELECT * FROM `cat`  [ RunTime:0.0000s ]
SQL: SELECT * FROM `cat`  [ RunTime:0.0000s ]
SQL: SELECT * FROM `cat`  [ RunTime:0.0000s ]
SQL: SELECT * FROM `cat`  [ RunTime:0.0000s ]
SQL: SELECT * FROM `cat`  [ RunTime:0.0000s ]
SQL: SELECT * FROM `cat`  [ RunTime:0.0000s ]
INFO: [ view_parse ] --START--
INFO: [ template_filter ] --START--
INFO: Run Behavior\ContentReplaceBehavior [ RunTime:0.000000s ]
INFO: [ template_filter ] --END-- [ RunTime:0.001000s ]
NOTIC: [8] Use of undefined constant count - assumed 'count' C:\phpDome\shop\Runtime\Cache\Home\2f412aae274b751dca883838bf7e7502.php 第 77 行.
NOTIC: [8] Use of undefined constant cat_id - assumed 'cat_id' C:\phpDome\shop\Runtime\Cache\Home\2f412aae274b751dca883838bf7e7502.php 第 80 行.
NOTIC: [8] Use of undefined constant parent_id - assumed 'parent_id' C:\phpDome\shop\Runtime\Cache\Home\2f412aae274b751dca883838bf7e7502.php 第 80 行.
NOTIC: [8] Use of undefined constant cat_id - assumed 'cat_id' C:\phpDome\shop\Runtime\Cache\Home\2f412aae274b751dca883838bf7e7502.php 第 80 行.
NOTIC: [8] Use of undefined constant parent_id - assumed 'parent_id' C:\phpDome\shop\Runtime\Cache\Home\2f412aae274b751dca883838bf7e7502.php 第 80 行.
NOTIC: [8] Use of undefined constant cat_id - assumed 'cat_id' C:\phpDome\shop\Runtime\Cache\Home\2f412aae274b751dca883838bf7e7502.php 第 80 行.
NOTIC: [8] Use of undefined constant cat_id - assumed 'cat_id' C:\phpDome\shop\Runtime\Cache\Home\2f412aae274b751dca883838bf7e7502.php 第 80 行.
NOTIC: [8] Use of undefined constant parent_id - assumed 'parent_id' C:\phpDome\shop\Runtime\Cache\Home\2f412aae274b751dca883838bf7e7502.php 第 80 行.
NOTIC: [8] Use of undefined constant cat_id - assumed 'cat_id' C:\phpDome\shop\Runtime\Cache\Home\2f412aae274b751dca883838bf7e7502.php 第 80 行.
NOTIC: [8] Use of undefined constant cat_id - assumed 'cat_id' C:\phpDome\shop\Runtime\Cache\Home\2f412aae274b751dca883838bf7e7502.php 第 80 行.
NOTIC: [8] Use of undefined constant parent_id - assumed 'parent_id' C:\phpDome\shop\Runtime\Cache\Home\2f412aae274b751dca883838bf7e7502.php 第 80 行.
NOTIC: [8] Use of undefined constant cat_id - assumed 'cat_id' C:\phpDome\shop\Runtime\Cache\Home\2f412aae274b751dca883838bf7e7502.php 第 80 行.
NOTIC: [8] Use of undefined constant parent_id - assumed 'parent_id' C:\phpDome\shop\Runtime\Cache\Home\2f412aae274b751dca883838bf7e7502.php 第 80 行.
NOTIC: [8] Use of undefined constant cat_id - assumed 'cat_id' C:\phpDome\shop\Runtime\Cache\Home\2f412aae274b751dca883838bf7e7502.php 第 80 行.
NOTIC: [8] Use of undefined constant parent_id - assumed 'parent_id' C:\phpDome\shop\Runtime\Cache\Home\2f412aae274b751dca883838bf7e7502.php 第 80 行.
NOTIC: [8] Use of undefined constant cat_id - assumed 'cat_id' C:\phpDome\shop\Runtime\Cache\Home\2f412aae274b751dca883838bf7e7502.php 第 80 行.
NOTIC: [8] Use of undefined constant parent_id - assumed 'parent_id' C:\phpDome\shop\Runtime\Cache\Home\2f412aae274b751dca883838bf7e7502.php 第 80 行.
NOTIC: [8] Use of undefined constant cat_id - assumed 'cat_id' C:\phpDome\shop\Runtime\Cache\Home\2f412aae274b751dca883838bf7e7502.php 第 80 行.
NOTIC: [8] Use of undefined constant parent_id - assumed 'parent_id' C:\phpDome\shop\Runtime\Cache\Home\2f412aae274b751dca883838bf7e7502.php 第 80 行.
NOTIC: [8] Use of undefined constant cat_id - assumed 'cat_id' C:\phpDome\shop\Runtime\Cache\Home\2f412aae274b751dca883838bf7e7502.php 第 80 行.
NOTIC: [8] Use of undefined constant parent_id - assumed 'parent_id' C:\phpDome\shop\Runtime\Cache\Home\2f412aae274b751dca883838bf7e7502.php 第 80 行.
NOTIC: [8] Use of undefined constant count - assumed 'count' C:\phpDome\shop\Runtime\Cache\Home\2f412aae274b751dca883838bf7e7502.php 第 77 行.
NOTIC: [8] Use of undefined constant count - assumed 'count' C:\phpDome\shop\Runtime\Cache\Home\2f412aae274b751dca883838bf7e7502.php 第 77 行.
NOTIC: [8] Use of undefined constant count - assumed 'count' C:\phpDome\shop\Runtime\Cache\Home\2f412aae274b751dca883838bf7e7502.php 第 77 行.
NOTIC: [8] Use of undefined constant cat_id - assumed 'cat_id' C:\phpDome\shop\Runtime\Cache\Home\2f412aae274b751dca883838bf7e7502.php 第 80 行.
NOTIC: [8] Use of undefined constant parent_id - assumed 'parent_id' C:\phpDome\shop\Runtime\Cache\Home\2f412aae274b751dca883838bf7e7502.php 第 80 行.
NOTIC: [8] Use of undefined constant cat_id - assumed 'cat_id' C:\phpDome\shop\Runtime\Cache\Home\2f412aae274b751dca883838bf7e7502.php 第 80 行.
NOTIC: [8] Use of undefined constant parent_id - assumed 'parent_id' C:\phpDome\shop\Runtime\Cache\Home\2f412aae274b751dca883838bf7e7502.php 第 80 行.
NOTIC: [8] Use of undefined constant cat_id - assumed 'cat_id' C:\phpDome\shop\Runtime\Cache\Home\2f412aae274b751dca883838bf7e7502.php 第 80 行.
NOTIC: [8] Use of undefined constant parent_id - assumed 'parent_id' C:\phpDome\shop\Runtime\Cache\Home\2f412aae274b751dca883838bf7e7502.php 第 80 行.
NOTIC: [8] Use of undefined constant cat_id - assumed 'cat_id' C:\phpDome\shop\Runtime\Cache\Home\2f412aae274b751dca883838bf7e7502.php 第 80 行.
NOTIC: [8] Use of undefined constant parent_id - assumed 'parent_id' C:\phpDome\shop\Runtime\Cache\Home\2f412aae274b751dca883838bf7e7502.php 第 80 行.
NOTIC: [8] Use of undefined constant cat_id - assumed 'cat_id' C:\phpDome\shop\Runtime\Cache\Home\2f412aae274b751dca883838bf7e7502.php 第 80 行.
NOTIC: [8] Use of undefined constant parent_id - assumed 'parent_id' C:\phpDome\shop\Runtime\Cache\Home\2f412aae274b751dca883838bf7e7502.php 第 80 行.
NOTIC: [8] Use of undefined constant cat_id - assumed 'cat_id' C:\phpDome\shop\Runtime\Cache\Home\2f412aae274b751dca883838bf7e7502.php 第 80 行.
NOTIC: [8] Use of undefined constant cat_id - assumed 'cat_id' C:\phpDome\shop\Runtime\Cache\Home\2f412aae274b751dca883838bf7e7502.php 第 80 行.
NOTIC: [8] Use of undefined constant parent_id - assumed 'parent_id' C:\phpDome\shop\Runtime\Cache\Home\2f412aae274b751dca883838bf7e7502.php 第 80 行.
NOTIC: [8] Use of undefined constant cat_id - assumed 'cat_id' C:\phpDome\shop\Runtime\Cache\Home\2f412aae274b751dca883838bf7e7502.php 第 80 行.
NOTIC: [8] Use of undefined constant cat_id - assumed 'cat_id' C:\phpDome\shop\Runtime\Cache\Home\2f412aae274b751dca883838bf7e7502.php 第 80 行.
NOTIC: [8] Use of undefined constant parent_id - assumed 'parent_id' C:\phpDome\shop\Runtime\Cache\Home\2f412aae274b751dca883838bf7e7502.php 第 80 行.
NOTIC: [8] Use of undefined constant cat_id - assumed 'cat_id' C:\phpDome\shop\Runtime\Cache\Home\2f412aae274b751dca883838bf7e7502.php 第 80 行.
NOTIC: [8] Use of undefined constant parent_id - assumed 'parent_id' C:\phpDome\shop\Runtime\Cache\Home\2f412aae274b751dca883838bf7e7502.php 第 80 行.
NOTIC: [8] Use of undefined constant cat_id - assumed 'cat_id' C:\phpDome\shop\Runtime\Cache\Home\2f412aae274b751dca883838bf7e7502.php 第 80 行.
NOTIC: [8] Use of undefined constant parent_id - assumed 'parent_id' C:\phpDome\shop\Runtime\Cache\Home\2f412aae274b751dca883838bf7e7502.php 第 80 行.
NOTIC: [8] Use of undefined constant count - assumed 'count' C:\phpDome\shop\Runtime\Cache\Home\2f412aae274b751dca883838bf7e7502.php 第 77 行.
NOTIC: [8] Use of undefined constant count - assumed 'count' C:\phpDome\shop\Runtime\Cache\Home\2f412aae274b751dca883838bf7e7502.php 第 77 行.
NOTIC: [8] Use of undefined constant count - assumed 'count' C:\phpDome\shop\Runtime\Cache\Home\2f412aae274b751dca883838bf7e7502.php 第 77 行.
NOTIC: [8] Use of undefined constant cat_id - assumed 'cat_id' C:\phpDome\shop\Runtime\Cache\Home\2f412aae274b751dca883838bf7e7502.php 第 80 行.
NOTIC: [8] Use of undefined constant parent_id - assumed 'parent_id' C:\phpDome\shop\Runtime\Cache\Home\2f412aae274b751dca883838bf7e7502.php 第 80 行.
NOTIC: [8] Use of undefined constant cat_id - assumed 'cat_id' C:\phpDome\shop\Runtime\Cache\Home\2f412aae274b751dca883838bf7e7502.php 第 80 行.
NOTIC: [8] Use of undefined constant parent_id - assumed 'parent_id' C:\phpDome\shop\Runtime\Cache\Home\2f412aae274b751dca883838bf7e7502.php 第 80 行.
NOTIC: [8] Use of undefined constant cat_id - assumed 'cat_id' C:\phpDome\shop\Runtime\Cache\Home\2f412aae274b751dca883838bf7e7502.php 第 80 行.
NOTIC: [8] Use of undefined constant parent_id - assumed 'parent_id' C:\phpDome\shop\Runtime\Cache\Home\2f412aae274b751dca883838bf7e7502.php 第 80 行.
NOTIC: [8] Use of undefined constant cat_id - assumed 'cat_id' C:\phpDome\shop\Runtime\Cache\Home\2f412aae274b751dca883838bf7e7502.php 第 80 行.
NOTIC: [8] Use of undefined constant parent_id - assumed 'parent_id' C:\phpDome\shop\Runtime\Cache\Home\2f412aae274b751dca883838bf7e7502.php 第 80 行.
NOTIC: [8] Use of undefined constant cat_id - assumed 'cat_id' C:\phpDome\shop\Runtime\Cache\Home\2f412aae274b751dca883838bf7e7502.php 第 80 行.
NOTIC: [8] Use of undefined constant parent_id - assumed 'parent_id' C:\phpDome\shop\Runtime\Cache\Home\2f412aae274b751dca883838bf7e7502.php 第 80 行.
NOTIC: [8] Use of undefined constant cat_id - assumed 'cat_id' C:\phpDome\shop\Runtime\Cache\Home\2f412aae274b751dca883838bf7e7502.php 第 80 行.
NOTIC: [8] Use of undefined constant parent_id - assumed 'parent_id' C:\phpDome\shop\Runtime\Cache\Home\2f412aae274b751dca883838bf7e7502.php 第 80 行.
NOTIC: [8] Use of undefined constant cat_id - assumed 'cat_id' C:\phpDome\shop\Runtime\Cache\Home\2f412aae274b751dca883838bf7e7502.php 第 80 行.
NOTIC: [8] Use of undefined constant parent_id - assumed 'parent_id' C:\phpDome\shop\Runtime\Cache\Home\2f412aae274b751dca883838bf7e7502.php 第 80 行.
NOTIC: [8] Use of undefined constant cat_id - assumed 'cat_id' C:\phpDome\shop\Runtime\Cache\Home\2f412aae274b751dca883838bf7e7502.php 第 80 行.
NOTIC: [8] Use of undefined constant parent_id - assumed 'parent_id' C:\phpDome\shop\Runtime\Cache\Home\2f412aae274b751dca883838bf7e7502.php 第 80 行.
NOTIC: [8] Use of undefined constant cat_id - assumed 'cat_id' C:\phpDome\shop\Runtime\Cache\Home\2f412aae274b751dca883838bf7e7502.php 第 80 行.
NOTIC: [8] Use of undefined constant cat_id - assumed 'cat_id' C:\phpDome\shop\Runtime\Cache\Home\2f412aae274b751dca883838bf7e7502.php 第 80 行.
NOTIC: [8] Use of undefined constant parent_id - assumed 'parent_id' C:\phpDome\shop\Runtime\Cache\Home\2f412aae274b751dca883838bf7e7502.php 第 80 行.
NOTIC: [8] Use of undefined constant count - assumed 'count' C:\phpDome\shop\Runtime\Cache\Home\2f412aae274b751dca883838bf7e7502.php 第 77 行.
NOTIC: [8] Use of undefined constant count - assumed 'count' C:\phpDome\shop\Runtime\Cache\Home\2f412aae274b751dca883838bf7e7502.php 第 77 行.
NOTIC: [8] Undefined variable: his C:\phpDome\shop\Runtime\Cache\Home\2f412aae274b751dca883838bf7e7502.php 第 123 行.
NOTIC: [8] Undefined variable: hot C:\phpDome\shop\Runtime\Cache\Home\2f412aae274b751dca883838bf7e7502.php 第 192 行.
INFO: Run Behavior\ParseTemplateBehavior [ RunTime:0.089004s ]
INFO: [ view_parse ] --END-- [ RunTime:0.090004s ]
INFO: [ view_filter ] --START--
INFO: Run Behavior\WriteHtmlCacheBehavior [ RunTime:0.001000s ]
INFO: [ view_filter ] --END-- [ RunTime:0.001000s ]
INFO: [ app_end ] --START--
INFO: Run Behavior\ShowPageTraceBehavior [ RunTime:0.001000s ]
INFO: [ app_end ] --END-- [ RunTime:0.001000s ]

