[ 2017-07-12T16:51:45+08:00 ] 127.0.0.1 /
INFO: [ app_init ] --START--
INFO: Run Behavior\BuildLiteBehavior [ RunTime:0.000000s ]
INFO: [ app_init ] --END-- [ RunTime:0.001000s ]
INFO: [ app_begin ] --START--
INFO: Run Behavior\ReadHtmlCacheBehavior [ RunTime:0.001000s ]
INFO: [ app_begin ] --END-- [ RunTime:0.001000s ]
SQL: SHOW COLUMNS FROM `cat` [ RunTime:0.0680s ]
SQL: SELECT * FROM `cat`  [ RunTime:0.0010s ]
SQL: SELECT * FROM `cat`  [ RunTime:0.0000s ]
SQL: SELECT * FROM `cat`  [ RunTime:0.0000s ]
SQL: SELECT * FROM `cat`  [ RunTime:0.0000s ]
SQL: SELECT * FROM `cat`  [ RunTime:0.0010s ]
SQL: SELECT * FROM `cat`  [ RunTime:0.0000s ]
SQL: SELECT * FROM `cat`  [ RunTime:0.0000s ]
SQL: SELECT * FROM `cat`  [ RunTime:0.0000s ]
SQL: SELECT * FROM `cat`  [ RunTime:0.0000s ]
SQL: SELECT * FROM `cat`  [ RunTime:0.0000s ]
INFO: [ view_parse ] --START--
INFO: [ template_filter ] --START--
INFO: Run Behavior\ContentReplaceBehavior [ RunTime:0.000000s ]
INFO: [ template_filter ] --END-- [ RunTime:0.000000s ]
NOTIC: [8] Use of undefined constant count - assumed 'count' C:\phpDome\shop\Runtime\Cache\Home\2f412aae274b751dca883838bf7e7502.php 第 77 行.
NOTIC: [8] Use of undefined constant cat_id - assumed 'cat_id' C:\phpDome\shop\Runtime\Cache\Home\2f412aae274b751dca883838bf7e7502.php 第 80 行.
NOTIC: [8] Use of undefined constant parent_id - assumed 'parent_id' C:\phpDome\shop\Runtime\Cache\Home\2f412aae274b751dca883838bf7e7502.php 第 80 行.
NOTIC: [8] Use of undefined constant cat_id - assumed 'cat_id' C:\phpDome\shop\Runtime\Cache\Home\2f412aae274b751dca883838bf7e7502.php 第 80 行.
NOTIC: [8] Use of undefined constant parent_id - assumed 'parent_id' C:\phpDome\shop\Runtime\Cache\Home\2f412aae274b751dca883838bf7e7502.php 第 80 行.
NOTIC: [8] Use of undefined constant cat_id - assumed 'cat_id' C:\phpDome\shop\Runtime\Cache\Home\2f412aae274b751dca883838bf7e7502.php 第 80 行.
NOTIC: [8] Use of undefined constant cat_id - assumed 'cat_id' C:\phpDome\shop\Runtime\Cache\Home\2f412aae274b751dca883838bf7e7502.php 第 80 行.
NOTIC: [8] Use of undefined constant parent_id - assumed 'parent_id' C:\phpDome\shop\Runtime\Cache\Home\2f412aae274b751dca883838bf7e7502.php 第 80 行.
NOTIC: [8] Use of undefined constant cat_id - assumed 'cat_id' C:\phpDome\shop\Runtime\Cache\Home\2f412aae274b751dca883838bf7e7502.php 第 80 行.
NOTIC: [8] Use of undefined constant cat_id - assumed 'cat_id' C:\phpDome\shop\Runtime\Cache\Home\2f412aae274b751dca883838bf7e7502.php 第 80 行.
NOTIC: [8] Use of undefined constant parent_id - assumed 'parent_id' C:\phpDome\shop\Runtime\Cache\Home\2f412aae274b751dca883838bf7e7502.php 第 80 行.
NOTIC: [8] Use of undefined constant cat_id - assumed 'cat_id' C:\phpDome\shop\Runtime\Cache\Home\2f412aae274b751dca883838bf7e7502.php 第 80 行.
NOTIC: [8] Use of undefined constant parent_id - assumed 'parent_id' C:\phpDome\shop\Runtime\Cache\Home\2f412aae274b751dca883838bf7e7502.php 第 80 行.
NOTIC: [8] Use of undefined constant cat_id - assumed 'cat_id' C:\phpDome\shop\Runtime\Cache\Home\2f412aae274b751dca883838bf7e7502.php 第 80 行.
NOTIC: [8] Use of undefined constant parent_id - assumed 'parent_id' C:\phpDome\shop\Runtime\Cache\Home\2f412aae274b751dca883838bf7e7502.php 第 80 行.
NOTIC: [8] Use of undefined constant cat_id - assumed 'cat_id' C:\phpDome\shop\Runtime\Cache\Home\2f412aae274b751dca883838bf7e7502.php 第 80 行.
NOTIC: [8] Use of undefined constant parent_id - assumed 'parent_id' C:\phpDome\shop\Runtime\Cache\Home\2f412aae274b751dca883838bf7e7502.php 第 80 行.
NOTIC: [8] Use of undefined constant cat_id - assumed 'cat_id' C:\phpDome\shop\Runtime\Cache\Home\2f412aae274b751dca883838bf7e7502.php 第 80 行.
NOTIC: [8] Use of undefined constant parent_id - assumed 'parent_id' C:\phpDome\shop\Runtime\Cache\Home\2f412aae274b751dca883838bf7e7502.php 第 80 行.
NOTIC: [8] Use of undefined constant cat_id - assumed 'cat_id' C:\phpDome\shop\Runtime\Cache\Home\2f412aae274b751dca883838bf7e7502.php 第 80 行.
NOTIC: [8] Use of undefined constant parent_id - assumed 'parent_id' C:\phpDome\shop\Runtime\Cache\Home\2f412aae274b751dca883838bf7e7502.php 第 80 行.
NOTIC: [8] Use of undefined constant count - assumed 'count' C:\phpDome\shop\Runtime\Cache\Home\2f412aae274b751dca883838bf7e7502.php 第 77 行.
NOTIC: [8] Use of undefined constant count - assumed 'count' C:\phpDome\shop\Runtime\Cache\Home\2f412aae274b751dca883838bf7e7502.php 第 77 行.
NOTIC: [8] Use of undefined constant count - assumed 'count' C:\phpDome\shop\Runtime\Cache\Home\2f412aae274b751dca883838bf7e7502.php 第 77 行.
NOTIC: [8] Use of undefined constant cat_id - assumed 'cat_id' C:\phpDome\shop\Runtime\Cache\Home\2f412aae274b751dca883838bf7e7502.php 第 80 行.
NOTIC: [8] Use of undefined constant parent_id - assumed 'parent_id' C:\phpDome\shop\Runtime\Cache\Home\2f412aae274b751dca883838bf7e7502.php 第 80 行.
NOTIC: [8] Use of undefined constant cat_id - assumed 'cat_id' C:\phpDome\shop\Runtime\Cache\Home\2f412aae274b751dca883838bf7e7502.php 第 80 行.
NOTIC: [8] Use of undefined constant parent_id - assumed 'parent_id' C:\phpDome\shop\Runtime\Cache\Home\2f412aae274b751dca883838bf7e7502.php 第 80 行.
NOTIC: [8] Use of undefined constant cat_id - assumed 'cat_id' C:\phpDome\shop\Runtime\Cache\Home\2f412aae274b751dca883838bf7e7502.php 第 80 行.
NOTIC: [8] Use of undefined constant parent_id - assumed 'parent_id' C:\phpDome\shop\Runtime\Cache\Home\2f412aae274b751dca883838bf7e7502.php 第 80 行.
NOTIC: [8] Use of undefined constant cat_id - assumed 'cat_id' C:\phpDome\shop\Runtime\Cache\Home\2f412aae274b751dca883838bf7e7502.php 第 80 行.
NOTIC: [8] Use of undefined constant parent_id - assumed 'parent_id' C:\phpDome\shop\Runtime\Cache\Home\2f412aae274b751dca883838bf7e7502.php 第 80 行.
NOTIC: [8] Use of undefined constant cat_id - assumed 'cat_id' C:\phpDome\shop\Runtime\Cache\Home\2f412aae274b751dca883838bf7e7502.php 第 80 行.
NOTIC: [8] Use of undefined constant parent_id - assumed 'parent_id' C:\phpDome\shop\Runtime\Cache\Home\2f412aae274b751dca883838bf7e7502.php 第 80 行.
NOTIC: [8] Use of undefined constant cat_id - assumed 'cat_id' C:\phpDome\shop\Runtime\Cache\Home\2f412aae274b751dca883838bf7e7502.php 第 80 行.
NOTIC: [8] Use of undefined constant cat_id - assumed 'cat_id' C:\phpDome\shop\Runtime\Cache\Home\2f412aae274b751dca883838bf7e7502.php 第 80 行.
NOTIC: [8] Use of undefined constant parent_id - assumed 'parent_id' C:\phpDome\shop\Runtime\Cache\Home\2f412aae274b751dca883838bf7e7502.php 第 80 行.
NOTIC: [8] Use of undefined constant cat_id - assumed 'cat_id' C:\phpDome\shop\Runtime\Cache\Home\2f412aae274b751dca883838bf7e7502.php 第 80 行.
NOTIC: [8] Use of undefined constant cat_id - assumed 'cat_id' C:\phpDome\shop\Runtime\Cache\Home\2f412aae274b751dca883838bf7e7502.php 第 80 行.
NOTIC: [8] Use of undefined constant parent_id - assumed 'parent_id' C:\phpDome\shop\Runtime\Cache\Home\2f412aae274b751dca883838bf7e7502.php 第 80 行.
NOTIC: [8] Use of undefined constant cat_id - assumed 'cat_id' C:\phpDome\shop\Runtime\Cache\Home\2f412aae274b751dca883838bf7e7502.php 第 80 行.
NOTIC: [8] Use of undefined constant parent_id - assumed 'parent_id' C:\phpDome\shop\Runtime\Cache\Home\2f412aae274b751dca883838bf7e7502.php 第 80 行.
NOTIC: [8] Use of undefined constant cat_id - assumed 'cat_id' C:\phpDome\shop\Runtime\Cache\Home\2f412aae274b751dca883838bf7e7502.php 第 80 行.
NOTIC: [8] Use of undefined constant parent_id - assumed 'parent_id' C:\phpDome\shop\Runtime\Cache\Home\2f412aae274b751dca883838bf7e7502.php 第 80 行.
NOTIC: [8] Use of undefined constant count - assumed 'count' C:\phpDome\shop\Runtime\Cache\Home\2f412aae274b751dca883838bf7e7502.php 第 77 行.
NOTIC: [8] Use of undefined constant count - assumed 'count' C:\phpDome\shop\Runtime\Cache\Home\2f412aae274b751dca883838bf7e7502.php 第 77 行.
NOTIC: [8] Use of undefined constant count - assumed 'count' C:\phpDome\shop\Runtime\Cache\Home\2f412aae274b751dca883838bf7e7502.php 第 77 行.
NOTIC: [8] Use of undefined constant cat_id - assumed 'cat_id' C:\phpDome\shop\Runtime\Cache\Home\2f412aae274b751dca883838bf7e7502.php 第 80 行.
NOTIC: [8] Use of undefined constant parent_id - assumed 'parent_id' C:\phpDome\shop\Runtime\Cache\Home\2f412aae274b751dca883838bf7e7502.php 第 80 行.
NOTIC: [8] Use of undefined constant cat_id - assumed 'cat_id' C:\phpDome\shop\Runtime\Cache\Home\2f412aae274b751dca883838bf7e7502.php 第 80 行.
NOTIC: [8] Use of undefined constant parent_id - assumed 'parent_id' C:\phpDome\shop\Runtime\Cache\Home\2f412aae274b751dca883838bf7e7502.php 第 80 行.
NOTIC: [8] Use of undefined constant cat_id - assumed 'cat_id' C:\phpDome\shop\Runtime\Cache\Home\2f412aae274b751dca883838bf7e7502.php 第 80 行.
NOTIC: [8] Use of undefined constant parent_id - assumed 'parent_id' C:\phpDome\shop\Runtime\Cache\Home\2f412aae274b751dca883838bf7e7502.php 第 80 行.
NOTIC: [8] Use of undefined constant cat_id - assumed 'cat_id' C:\phpDome\shop\Runtime\Cache\Home\2f412aae274b751dca883838bf7e7502.php 第 80 行.
NOTIC: [8] Use of undefined constant parent_id - assumed 'parent_id' C:\phpDome\shop\Runtime\Cache\Home\2f412aae274b751dca883838bf7e7502.php 第 80 行.
NOTIC: [8] Use of undefined constant cat_id - assumed 'cat_id' C:\phpDome\shop\Runtime\Cache\Home\2f412aae274b751dca883838bf7e7502.php 第 80 行.
NOTIC: [8] Use of undefined constant parent_id - assumed 'parent_id' C:\phpDome\shop\Runtime\Cache\Home\2f412aae274b751dca883838bf7e7502.php 第 80 行.
NOTIC: [8] Use of undefined constant cat_id - assumed 'cat_id' C:\phpDome\shop\Runtime\Cache\Home\2f412aae274b751dca883838bf7e7502.php 第 80 行.
NOTIC: [8] Use of undefined constant parent_id - assumed 'parent_id' C:\phpDome\shop\Runtime\Cache\Home\2f412aae274b751dca883838bf7e7502.php 第 80 行.
NOTIC: [8] Use of undefined constant cat_id - assumed 'cat_id' C:\phpDome\shop\Runtime\Cache\Home\2f412aae274b751dca883838bf7e7502.php 第 80 行.
NOTIC: [8] Use of undefined constant parent_id - assumed 'parent_id' C:\phpDome\shop\Runtime\Cache\Home\2f412aae274b751dca883838bf7e7502.php 第 80 行.
NOTIC: [8] Use of undefined constant cat_id - assumed 'cat_id' C:\phpDome\shop\Runtime\Cache\Home\2f412aae274b751dca883838bf7e7502.php 第 80 行.
NOTIC: [8] Use of undefined constant parent_id - assumed 'parent_id' C:\phpDome\shop\Runtime\Cache\Home\2f412aae274b751dca883838bf7e7502.php 第 80 行.
NOTIC: [8] Use of undefined constant cat_id - assumed 'cat_id' C:\phpDome\shop\Runtime\Cache\Home\2f412aae274b751dca883838bf7e7502.php 第 80 行.
NOTIC: [8] Use of undefined constant cat_id - assumed 'cat_id' C:\phpDome\shop\Runtime\Cache\Home\2f412aae274b751dca883838bf7e7502.php 第 80 行.
NOTIC: [8] Use of undefined constant parent_id - assumed 'parent_id' C:\phpDome\shop\Runtime\Cache\Home\2f412aae274b751dca883838bf7e7502.php 第 80 行.
NOTIC: [8] Use of undefined constant count - assumed 'count' C:\phpDome\shop\Runtime\Cache\Home\2f412aae274b751dca883838bf7e7502.php 第 77 行.
NOTIC: [8] Use of undefined constant count - assumed 'count' C:\phpDome\shop\Runtime\Cache\Home\2f412aae274b751dca883838bf7e7502.php 第 77 行.
NOTIC: [8] Undefined variable: his C:\phpDome\shop\Runtime\Cache\Home\2f412aae274b751dca883838bf7e7502.php 第 123 行.
NOTIC: [8] Undefined variable: hot C:\phpDome\shop\Runtime\Cache\Home\2f412aae274b751dca883838bf7e7502.php 第 192 行.
INFO: Run Behavior\ParseTemplateBehavior [ RunTime:0.029002s ]
INFO: [ view_parse ] --END-- [ RunTime:0.029002s ]
INFO: [ view_filter ] --START--
INFO: Run Behavior\WriteHtmlCacheBehavior [ RunTime:0.001000s ]
INFO: [ view_filter ] --END-- [ RunTime:0.001000s ]
INFO: [ app_end ] --START--
INFO: Run Behavior\ShowPageTraceBehavior [ RunTime:0.001000s ]
INFO: [ app_end ] --END-- [ RunTime:0.001000s ]

[ 2017-07-12T16:51:50+08:00 ] 127.0.0.1 /index.php/Home/cat/cat/cat_id/4.html
INFO: [ app_init ] --START--
INFO: Run Behavior\BuildLiteBehavior [ RunTime:0.000000s ]
INFO: [ app_init ] --END-- [ RunTime:0.001000s ]
INFO: [ app_begin ] --START--
INFO: Run Behavior\ReadHtmlCacheBehavior [ RunTime:0.002001s ]
INFO: [ app_begin ] --END-- [ RunTime:0.002001s ]
SQL: SHOW COLUMNS FROM `goods` [ RunTime:0.0940s ]
NOTIC: [2] Missing argument 1 for Think\Model::field(), called in C:\phpDome\shop\Home\Controller\CatController.class.php on line 8 and defined C:\phpDome\ThinkPHP\Library\Think\Model.class.php 第 1740 行.
NOTIC: [8] Undefined variable: field C:\phpDome\ThinkPHP\Library\Think\Model.class.php 第 1741 行.
NOTIC: [8] Undefined variable: field C:\phpDome\ThinkPHP\Library\Think\Model.class.php 第 1751 行.
SQL: SELECT * FROM `goods` WHERE ( cat_id=4 )  [ RunTime:0.0280s ]
INFO: [ view_parse ] --START--
INFO: [ template_filter ] --START--
INFO: Run Behavior\ContentReplaceBehavior [ RunTime:0.000000s ]
INFO: [ template_filter ] --END-- [ RunTime:0.000000s ]
NOTIC: [8] Undefined variable: count C:\phpDome\shop\Runtime\Cache\Home\449c4c1fd7bfb113095defb76959b374.php 第 256 行.
NOTIC: [8] Undefined variable: page C:\phpDome\shop\Runtime\Cache\Home\449c4c1fd7bfb113095defb76959b374.php 第 256 行.
INFO: Run Behavior\ParseTemplateBehavior [ RunTime:0.021001s ]
INFO: [ view_parse ] --END-- [ RunTime:0.021001s ]
INFO: [ view_filter ] --START--
INFO: Run Behavior\WriteHtmlCacheBehavior [ RunTime:0.002000s ]
INFO: [ view_filter ] --END-- [ RunTime:0.002000s ]
INFO: [ app_end ] --START--
INFO: Run Behavior\ShowPageTraceBehavior [ RunTime:0.002000s ]
INFO: [ app_end ] --END-- [ RunTime:0.002000s ]

[ 2017-07-12T16:51:50+08:00 ] 127.0.0.1 /index.php/Home/cat/cat/cat_id/themes/68ecshop_hechafree/images/sdgg.gif
INFO: [ app_init ] --START--
INFO: Run Behavior\BuildLiteBehavior [ RunTime:0.000000s ]
INFO: [ app_init ] --END-- [ RunTime:0.001000s ]

[ 2017-07-12T16:51:50+08:00 ] 127.0.0.1 /index.php/Home/cat/cat/cat_id/api/cron.php-t=1452023217
INFO: [ app_init ] --START--
INFO: Run Behavior\BuildLiteBehavior [ RunTime:0.000000s ]
INFO: [ app_init ] --END-- [ RunTime:0.002001s ]
INFO: [ app_begin ] --START--
INFO: Run Behavior\ReadHtmlCacheBehavior [ RunTime:0.001000s ]
INFO: [ app_begin ] --END-- [ RunTime:0.001000s ]
SQL: SHOW COLUMNS FROM `goods` [ RunTime:0.0240s ]
NOTIC: [2] Missing argument 1 for Think\Model::field(), called in C:\phpDome\shop\Home\Controller\CatController.class.php on line 8 and defined C:\phpDome\ThinkPHP\Library\Think\Model.class.php 第 1740 行.
NOTIC: [8] Undefined variable: field C:\phpDome\ThinkPHP\Library\Think\Model.class.php 第 1741 行.
NOTIC: [8] Undefined variable: field C:\phpDome\ThinkPHP\Library\Think\Model.class.php 第 1751 行.
ERR: 1054:Unknown column 'api' in 'where clause'
 [ SQL语句 ] : SELECT * FROM `goods` WHERE ( cat_id=api ) 
ERR: 1054:Unknown column 'api' in 'where clause'
 [ SQL语句 ] : SELECT * FROM `goods` WHERE ( cat_id=api ) 

[ 2017-07-12T16:51:53+08:00 ] 127.0.0.1 /
INFO: [ app_init ] --START--
INFO: Run Behavior\BuildLiteBehavior [ RunTime:0.000000s ]
INFO: [ app_init ] --END-- [ RunTime:0.001000s ]
INFO: [ app_begin ] --START--
INFO: Run Behavior\ReadHtmlCacheBehavior [ RunTime:0.000000s ]
INFO: [ app_begin ] --END-- [ RunTime:0.001000s ]
SQL: SHOW COLUMNS FROM `cat` [ RunTime:0.0420s ]
SQL: SELECT * FROM `cat`  [ RunTime:0.0010s ]
SQL: SELECT * FROM `cat`  [ RunTime:0.0000s ]
SQL: SELECT * FROM `cat`  [ RunTime:0.0000s ]
SQL: SELECT * FROM `cat`  [ RunTime:0.0160s ]
SQL: SELECT * FROM `cat`  [ RunTime:0.0000s ]
SQL: SELECT * FROM `cat`  [ RunTime:0.0000s ]
SQL: SELECT * FROM `cat`  [ RunTime:0.0070s ]
SQL: SELECT * FROM `cat`  [ RunTime:0.0000s ]
SQL: SELECT * FROM `cat`  [ RunTime:0.0010s ]
SQL: SELECT * FROM `cat`  [ RunTime:0.0000s ]
INFO: [ view_parse ] --START--
INFO: [ template_filter ] --START--
INFO: Run Behavior\ContentReplaceBehavior [ RunTime:0.000000s ]
INFO: [ template_filter ] --END-- [ RunTime:0.001000s ]
NOTIC: [8] Use of undefined constant count - assumed 'count' C:\phpDome\shop\Runtime\Cache\Home\2f412aae274b751dca883838bf7e7502.php 第 77 行.
NOTIC: [8] Use of undefined constant cat_id - assumed 'cat_id' C:\phpDome\shop\Runtime\Cache\Home\2f412aae274b751dca883838bf7e7502.php 第 80 行.
NOTIC: [8] Use of undefined constant parent_id - assumed 'parent_id' C:\phpDome\shop\Runtime\Cache\Home\2f412aae274b751dca883838bf7e7502.php 第 80 行.
NOTIC: [8] Use of undefined constant cat_id - assumed 'cat_id' C:\phpDome\shop\Runtime\Cache\Home\2f412aae274b751dca883838bf7e7502.php 第 80 行.
NOTIC: [8] Use of undefined constant parent_id - assumed 'parent_id' C:\phpDome\shop\Runtime\Cache\Home\2f412aae274b751dca883838bf7e7502.php 第 80 行.
NOTIC: [8] Use of undefined constant cat_id - assumed 'cat_id' C:\phpDome\shop\Runtime\Cache\Home\2f412aae274b751dca883838bf7e7502.php 第 80 行.
NOTIC: [8] Use of undefined constant cat_id - assumed 'cat_id' C:\phpDome\shop\Runtime\Cache\Home\2f412aae274b751dca883838bf7e7502.php 第 80 行.
NOTIC: [8] Use of undefined constant parent_id - assumed 'parent_id' C:\phpDome\shop\Runtime\Cache\Home\2f412aae274b751dca883838bf7e7502.php 第 80 行.
NOTIC: [8] Use of undefined constant cat_id - assumed 'cat_id' C:\phpDome\shop\Runtime\Cache\Home\2f412aae274b751dca883838bf7e7502.php 第 80 行.
NOTIC: [8] Use of undefined constant cat_id - assumed 'cat_id' C:\phpDome\shop\Runtime\Cache\Home\2f412aae274b751dca883838bf7e7502.php 第 80 行.
NOTIC: [8] Use of undefined constant parent_id - assumed 'parent_id' C:\phpDome\shop\Runtime\Cache\Home\2f412aae274b751dca883838bf7e7502.php 第 80 行.
NOTIC: [8] Use of undefined constant cat_id - assumed 'cat_id' C:\phpDome\shop\Runtime\Cache\Home\2f412aae274b751dca883838bf7e7502.php 第 80 行.
NOTIC: [8] Use of undefined constant parent_id - assumed 'parent_id' C:\phpDome\shop\Runtime\Cache\Home\2f412aae274b751dca883838bf7e7502.php 第 80 行.
NOTIC: [8] Use of undefined constant cat_id - assumed 'cat_id' C:\phpDome\shop\Runtime\Cache\Home\2f412aae274b751dca883838bf7e7502.php 第 80 行.
NOTIC: [8] Use of undefined constant parent_id - assumed 'parent_id' C:\phpDome\shop\Runtime\Cache\Home\2f412aae274b751dca883838bf7e7502.php 第 80 行.
NOTIC: [8] Use of undefined constant cat_id - assumed 'cat_id' C:\phpDome\shop\Runtime\Cache\Home\2f412aae274b751dca883838bf7e7502.php 第 80 行.
NOTIC: [8] Use of undefined constant parent_id - assumed 'parent_id' C:\phpDome\shop\Runtime\Cache\Home\2f412aae274b751dca883838bf7e7502.php 第 80 行.
NOTIC: [8] Use of undefined constant cat_id - assumed 'cat_id' C:\phpDome\shop\Runtime\Cache\Home\2f412aae274b751dca883838bf7e7502.php 第 80 行.
NOTIC: [8] Use of undefined constant parent_id - assumed 'parent_id' C:\phpDome\shop\Runtime\Cache\Home\2f412aae274b751dca883838bf7e7502.php 第 80 行.
NOTIC: [8] Use of undefined constant cat_id - assumed 'cat_id' C:\phpDome\shop\Runtime\Cache\Home\2f412aae274b751dca883838bf7e7502.php 第 80 行.
NOTIC: [8] Use of undefined constant parent_id - assumed 'parent_id' C:\phpDome\shop\Runtime\Cache\Home\2f412aae274b751dca883838bf7e7502.php 第 80 行.
NOTIC: [8] Use of undefined constant count - assumed 'count' C:\phpDome\shop\Runtime\Cache\Home\2f412aae274b751dca883838bf7e7502.php 第 77 行.
NOTIC: [8] Use of undefined constant count - assumed 'count' C:\phpDome\shop\Runtime\Cache\Home\2f412aae274b751dca883838bf7e7502.php 第 77 行.
NOTIC: [8] Use of undefined constant count - assumed 'count' C:\phpDome\shop\Runtime\Cache\Home\2f412aae274b751dca883838bf7e7502.php 第 77 行.
NOTIC: [8] Use of undefined constant cat_id - assumed 'cat_id' C:\phpDome\shop\Runtime\Cache\Home\2f412aae274b751dca883838bf7e7502.php 第 80 行.
NOTIC: [8] Use of undefined constant parent_id - assumed 'parent_id' C:\phpDome\shop\Runtime\Cache\Home\2f412aae274b751dca883838bf7e7502.php 第 80 行.
NOTIC: [8] Use of undefined constant cat_id - assumed 'cat_id' C:\phpDome\shop\Runtime\Cache\Home\2f412aae274b751dca883838bf7e7502.php 第 80 行.
NOTIC: [8] Use of undefined constant parent_id - assumed 'parent_id' C:\phpDome\shop\Runtime\Cache\Home\2f412aae274b751dca883838bf7e7502.php 第 80 行.
NOTIC: [8] Use of undefined constant cat_id - assumed 'cat_id' C:\phpDome\shop\Runtime\Cache\Home\2f412aae274b751dca883838bf7e7502.php 第 80 行.
NOTIC: [8] Use of undefined constant parent_id - assumed 'parent_id' C:\phpDome\shop\Runtime\Cache\Home\2f412aae274b751dca883838bf7e7502.php 第 80 行.
NOTIC: [8] Use of undefined constant cat_id - assumed 'cat_id' C:\phpDome\shop\Runtime\Cache\Home\2f412aae274b751dca883838bf7e7502.php 第 80 行.
NOTIC: [8] Use of undefined constant parent_id - assumed 'parent_id' C:\phpDome\shop\Runtime\Cache\Home\2f412aae274b751dca883838bf7e7502.php 第 80 行.
NOTIC: [8] Use of undefined constant cat_id - assumed 'cat_id' C:\phpDome\shop\Runtime\Cache\Home\2f412aae274b751dca883838bf7e7502.php 第 80 行.
NOTIC: [8] Use of undefined constant parent_id - assumed 'parent_id' C:\phpDome\shop\Runtime\Cache\Home\2f412aae274b751dca883838bf7e7502.php 第 80 行.
NOTIC: [8] Use of undefined constant cat_id - assumed 'cat_id' C:\phpDome\shop\Runtime\Cache\Home\2f412aae274b751dca883838bf7e7502.php 第 80 行.
NOTIC: [8] Use of undefined constant cat_id - assumed 'cat_id' C:\phpDome\shop\Runtime\Cache\Home\2f412aae274b751dca883838bf7e7502.php 第 80 行.
NOTIC: [8] Use of undefined constant parent_id - assumed 'parent_id' C:\phpDome\shop\Runtime\Cache\Home\2f412aae274b751dca883838bf7e7502.php 第 80 行.
NOTIC: [8] Use of undefined constant cat_id - assumed 'cat_id' C:\phpDome\shop\Runtime\Cache\Home\2f412aae274b751dca883838bf7e7502.php 第 80 行.
NOTIC: [8] Use of undefined constant cat_id - assumed 'cat_id' C:\phpDome\shop\Runtime\Cache\Home\2f412aae274b751dca883838bf7e7502.php 第 80 行.
NOTIC: [8] Use of undefined constant parent_id - assumed 'parent_id' C:\phpDome\shop\Runtime\Cache\Home\2f412aae274b751dca883838bf7e7502.php 第 80 行.
NOTIC: [8] Use of undefined constant cat_id - assumed 'cat_id' C:\phpDome\shop\Runtime\Cache\Home\2f412aae274b751dca883838bf7e7502.php 第 80 行.
NOTIC: [8] Use of undefined constant parent_id - assumed 'parent_id' C:\phpDome\shop\Runtime\Cache\Home\2f412aae274b751dca883838bf7e7502.php 第 80 行.
NOTIC: [8] Use of undefined constant cat_id - assumed 'cat_id' C:\phpDome\shop\Runtime\Cache\Home\2f412aae274b751dca883838bf7e7502.php 第 80 行.
NOTIC: [8] Use of undefined constant parent_id - assumed 'parent_id' C:\phpDome\shop\Runtime\Cache\Home\2f412aae274b751dca883838bf7e7502.php 第 80 行.
NOTIC: [8] Use of undefined constant count - assumed 'count' C:\phpDome\shop\Runtime\Cache\Home\2f412aae274b751dca883838bf7e7502.php 第 77 行.
NOTIC: [8] Use of undefined constant count - assumed 'count' C:\phpDome\shop\Runtime\Cache\Home\2f412aae274b751dca883838bf7e7502.php 第 77 行.
NOTIC: [8] Use of undefined constant count - assumed 'count' C:\phpDome\shop\Runtime\Cache\Home\2f412aae274b751dca883838bf7e7502.php 第 77 行.
NOTIC: [8] Use of undefined constant cat_id - assumed 'cat_id' C:\phpDome\shop\Runtime\Cache\Home\2f412aae274b751dca883838bf7e7502.php 第 80 行.
NOTIC: [8] Use of undefined constant parent_id - assumed 'parent_id' C:\phpDome\shop\Runtime\Cache\Home\2f412aae274b751dca883838bf7e7502.php 第 80 行.
NOTIC: [8] Use of undefined constant cat_id - assumed 'cat_id' C:\phpDome\shop\Runtime\Cache\Home\2f412aae274b751dca883838bf7e7502.php 第 80 行.
NOTIC: [8] Use of undefined constant parent_id - assumed 'parent_id' C:\phpDome\shop\Runtime\Cache\Home\2f412aae274b751dca883838bf7e7502.php 第 80 行.
NOTIC: [8] Use of undefined constant cat_id - assumed 'cat_id' C:\phpDome\shop\Runtime\Cache\Home\2f412aae274b751dca883838bf7e7502.php 第 80 行.
NOTIC: [8] Use of undefined constant parent_id - assumed 'parent_id' C:\phpDome\shop\Runtime\Cache\Home\2f412aae274b751dca883838bf7e7502.php 第 80 行.
NOTIC: [8] Use of undefined constant cat_id - assumed 'cat_id' C:\phpDome\shop\Runtime\Cache\Home\2f412aae274b751dca883838bf7e7502.php 第 80 行.
NOTIC: [8] Use of undefined constant parent_id - assumed 'parent_id' C:\phpDome\shop\Runtime\Cache\Home\2f412aae274b751dca883838bf7e7502.php 第 80 行.
NOTIC: [8] Use of undefined constant cat_id - assumed 'cat_id' C:\phpDome\shop\Runtime\Cache\Home\2f412aae274b751dca883838bf7e7502.php 第 80 行.
NOTIC: [8] Use of undefined constant parent_id - assumed 'parent_id' C:\phpDome\shop\Runtime\Cache\Home\2f412aae274b751dca883838bf7e7502.php 第 80 行.
NOTIC: [8] Use of undefined constant cat_id - assumed 'cat_id' C:\phpDome\shop\Runtime\Cache\Home\2f412aae274b751dca883838bf7e7502.php 第 80 行.
NOTIC: [8] Use of undefined constant parent_id - assumed 'parent_id' C:\phpDome\shop\Runtime\Cache\Home\2f412aae274b751dca883838bf7e7502.php 第 80 行.
NOTIC: [8] Use of undefined constant cat_id - assumed 'cat_id' C:\phpDome\shop\Runtime\Cache\Home\2f412aae274b751dca883838bf7e7502.php 第 80 行.
NOTIC: [8] Use of undefined constant parent_id - assumed 'parent_id' C:\phpDome\shop\Runtime\Cache\Home\2f412aae274b751dca883838bf7e7502.php 第 80 行.
NOTIC: [8] Use of undefined constant cat_id - assumed 'cat_id' C:\phpDome\shop\Runtime\Cache\Home\2f412aae274b751dca883838bf7e7502.php 第 80 行.
NOTIC: [8] Use of undefined constant parent_id - assumed 'parent_id' C:\phpDome\shop\Runtime\Cache\Home\2f412aae274b751dca883838bf7e7502.php 第 80 行.
NOTIC: [8] Use of undefined constant cat_id - assumed 'cat_id' C:\phpDome\shop\Runtime\Cache\Home\2f412aae274b751dca883838bf7e7502.php 第 80 行.
NOTIC: [8] Use of undefined constant cat_id - assumed 'cat_id' C:\phpDome\shop\Runtime\Cache\Home\2f412aae274b751dca883838bf7e7502.php 第 80 行.
NOTIC: [8] Use of undefined constant parent_id - assumed 'parent_id' C:\phpDome\shop\Runtime\Cache\Home\2f412aae274b751dca883838bf7e7502.php 第 80 行.
NOTIC: [8] Use of undefined constant count - assumed 'count' C:\phpDome\shop\Runtime\Cache\Home\2f412aae274b751dca883838bf7e7502.php 第 77 行.
NOTIC: [8] Use of undefined constant count - assumed 'count' C:\phpDome\shop\Runtime\Cache\Home\2f412aae274b751dca883838bf7e7502.php 第 77 行.
NOTIC: [8] Undefined variable: his C:\phpDome\shop\Runtime\Cache\Home\2f412aae274b751dca883838bf7e7502.php 第 123 行.
NOTIC: [8] Undefined variable: hot C:\phpDome\shop\Runtime\Cache\Home\2f412aae274b751dca883838bf7e7502.php 第 192 行.
INFO: Run Behavior\ParseTemplateBehavior [ RunTime:0.026002s ]
INFO: [ view_parse ] --END-- [ RunTime:0.026002s ]
INFO: [ view_filter ] --START--
INFO: Run Behavior\WriteHtmlCacheBehavior [ RunTime:0.000000s ]
INFO: [ view_filter ] --END-- [ RunTime:0.000000s ]
INFO: [ app_end ] --START--
INFO: Run Behavior\ShowPageTraceBehavior [ RunTime:0.001000s ]
INFO: [ app_end ] --END-- [ RunTime:0.001000s ]

[ 2017-07-12T16:51:57+08:00 ] 127.0.0.1 /
INFO: [ app_init ] --START--
INFO: Run Behavior\BuildLiteBehavior [ RunTime:0.000000s ]
INFO: [ app_init ] --END-- [ RunTime:0.001000s ]
INFO: [ app_begin ] --START--
INFO: Run Behavior\ReadHtmlCacheBehavior [ RunTime:0.001000s ]
INFO: [ app_begin ] --END-- [ RunTime:0.002000s ]
SQL: SHOW COLUMNS FROM `cat` [ RunTime:0.0010s ]
SQL: SELECT * FROM `cat`  [ RunTime:0.0000s ]
SQL: SELECT * FROM `cat`  [ RunTime:0.0010s ]
SQL: SELECT * FROM `cat`  [ RunTime:0.0000s ]
SQL: SELECT * FROM `cat`  [ RunTime:0.0000s ]
SQL: SELECT * FROM `cat`  [ RunTime:0.0000s ]
SQL: SELECT * FROM `cat`  [ RunTime:0.0000s ]
SQL: SELECT * FROM `cat`  [ RunTime:0.0000s ]
SQL: SELECT * FROM `cat`  [ RunTime:0.0000s ]
SQL: SELECT * FROM `cat`  [ RunTime:0.0000s ]
SQL: SELECT * FROM `cat`  [ RunTime:0.0000s ]
INFO: [ view_parse ] --START--
INFO: [ template_filter ] --START--
INFO: Run Behavior\ContentReplaceBehavior [ RunTime:0.000000s ]
INFO: [ template_filter ] --END-- [ RunTime:0.001000s ]
NOTIC: [8] Use of undefined constant count - assumed 'count' C:\phpDome\shop\Runtime\Cache\Home\2f412aae274b751dca883838bf7e7502.php 第 77 行.
NOTIC: [8] Use of undefined constant cat_id - assumed 'cat_id' C:\phpDome\shop\Runtime\Cache\Home\2f412aae274b751dca883838bf7e7502.php 第 80 行.
NOTIC: [8] Use of undefined constant parent_id - assumed 'parent_id' C:\phpDome\shop\Runtime\Cache\Home\2f412aae274b751dca883838bf7e7502.php 第 80 行.
NOTIC: [8] Use of undefined constant cat_id - assumed 'cat_id' C:\phpDome\shop\Runtime\Cache\Home\2f412aae274b751dca883838bf7e7502.php 第 80 行.
NOTIC: [8] Use of undefined constant parent_id - assumed 'parent_id' C:\phpDome\shop\Runtime\Cache\Home\2f412aae274b751dca883838bf7e7502.php 第 80 行.
NOTIC: [8] Use of undefined constant cat_id - assumed 'cat_id' C:\phpDome\shop\Runtime\Cache\Home\2f412aae274b751dca883838bf7e7502.php 第 80 行.
NOTIC: [8] Use of undefined constant cat_id - assumed 'cat_id' C:\phpDome\shop\Runtime\Cache\Home\2f412aae274b751dca883838bf7e7502.php 第 80 行.
NOTIC: [8] Use of undefined constant parent_id - assumed 'parent_id' C:\phpDome\shop\Runtime\Cache\Home\2f412aae274b751dca883838bf7e7502.php 第 80 行.
NOTIC: [8] Use of undefined constant cat_id - assumed 'cat_id' C:\phpDome\shop\Runtime\Cache\Home\2f412aae274b751dca883838bf7e7502.php 第 80 行.
NOTIC: [8] Use of undefined constant cat_id - assumed 'cat_id' C:\phpDome\shop\Runtime\Cache\Home\2f412aae274b751dca883838bf7e7502.php 第 80 行.
NOTIC: [8] Use of undefined constant parent_id - assumed 'parent_id' C:\phpDome\shop\Runtime\Cache\Home\2f412aae274b751dca883838bf7e7502.php 第 80 行.
NOTIC: [8] Use of undefined constant cat_id - assumed 'cat_id' C:\phpDome\shop\Runtime\Cache\Home\2f412aae274b751dca883838bf7e7502.php 第 80 行.
NOTIC: [8] Use of undefined constant parent_id - assumed 'parent_id' C:\phpDome\shop\Runtime\Cache\Home\2f412aae274b751dca883838bf7e7502.php 第 80 行.
NOTIC: [8] Use of undefined constant cat_id - assumed 'cat_id' C:\phpDome\shop\Runtime\Cache\Home\2f412aae274b751dca883838bf7e7502.php 第 80 行.
NOTIC: [8] Use of undefined constant parent_id - assumed 'parent_id' C:\phpDome\shop\Runtime\Cache\Home\2f412aae274b751dca883838bf7e7502.php 第 80 行.
NOTIC: [8] Use of undefined constant cat_id - assumed 'cat_id' C:\phpDome\shop\Runtime\Cache\Home\2f412aae274b751dca883838bf7e7502.php 第 80 行.
NOTIC: [8] Use of undefined constant parent_id - assumed 'parent_id' C:\phpDome\shop\Runtime\Cache\Home\2f412aae274b751dca883838bf7e7502.php 第 80 行.
NOTIC: [8] Use of undefined constant cat_id - assumed 'cat_id' C:\phpDome\shop\Runtime\Cache\Home\2f412aae274b751dca883838bf7e7502.php 第 80 行.
NOTIC: [8] Use of undefined constant parent_id - assumed 'parent_id' C:\phpDome\shop\Runtime\Cache\Home\2f412aae274b751dca883838bf7e7502.php 第 80 行.
NOTIC: [8] Use of undefined constant cat_id - assumed 'cat_id' C:\phpDome\shop\Runtime\Cache\Home\2f412aae274b751dca883838bf7e7502.php 第 80 行.
NOTIC: [8] Use of undefined constant parent_id - assumed 'parent_id' C:\phpDome\shop\Runtime\Cache\Home\2f412aae274b751dca883838bf7e7502.php 第 80 行.
NOTIC: [8] Use of undefined constant count - assumed 'count' C:\phpDome\shop\Runtime\Cache\Home\2f412aae274b751dca883838bf7e7502.php 第 77 行.
NOTIC: [8] Use of undefined constant count - assumed 'count' C:\phpDome\shop\Runtime\Cache\Home\2f412aae274b751dca883838bf7e7502.php 第 77 行.
NOTIC: [8] Use of undefined constant count - assumed 'count' C:\phpDome\shop\Runtime\Cache\Home\2f412aae274b751dca883838bf7e7502.php 第 77 行.
NOTIC: [8] Use of undefined constant cat_id - assumed 'cat_id' C:\phpDome\shop\Runtime\Cache\Home\2f412aae274b751dca883838bf7e7502.php 第 80 行.
NOTIC: [8] Use of undefined constant parent_id - assumed 'parent_id' C:\phpDome\shop\Runtime\Cache\Home\2f412aae274b751dca883838bf7e7502.php 第 80 行.
NOTIC: [8] Use of undefined constant cat_id - assumed 'cat_id' C:\phpDome\shop\Runtime\Cache\Home\2f412aae274b751dca883838bf7e7502.php 第 80 行.
NOTIC: [8] Use of undefined constant parent_id - assumed 'parent_id' C:\phpDome\shop\Runtime\Cache\Home\2f412aae274b751dca883838bf7e7502.php 第 80 行.
NOTIC: [8] Use of undefined constant cat_id - assumed 'cat_id' C:\phpDome\shop\Runtime\Cache\Home\2f412aae274b751dca883838bf7e7502.php 第 80 行.
NOTIC: [8] Use of undefined constant parent_id - assumed 'parent_id' C:\phpDome\shop\Runtime\Cache\Home\2f412aae274b751dca883838bf7e7502.php 第 80 行.
NOTIC: [8] Use of undefined constant cat_id - assumed 'cat_id' C:\phpDome\shop\Runtime\Cache\Home\2f412aae274b751dca883838bf7e7502.php 第 80 行.
NOTIC: [8] Use of undefined constant parent_id - assumed 'parent_id' C:\phpDome\shop\Runtime\Cache\Home\2f412aae274b751dca883838bf7e7502.php 第 80 行.
NOTIC: [8] Use of undefined constant cat_id - assumed 'cat_id' C:\phpDome\shop\Runtime\Cache\Home\2f412aae274b751dca883838bf7e7502.php 第 80 行.
NOTIC: [8] Use of undefined constant parent_id - assumed 'parent_id' C:\phpDome\shop\Runtime\Cache\Home\2f412aae274b751dca883838bf7e7502.php 第 80 行.
NOTIC: [8] Use of undefined constant cat_id - assumed 'cat_id' C:\phpDome\shop\Runtime\Cache\Home\2f412aae274b751dca883838bf7e7502.php 第 80 行.
NOTIC: [8] Use of undefined constant cat_id - assumed 'cat_id' C:\phpDome\shop\Runtime\Cache\Home\2f412aae274b751dca883838bf7e7502.php 第 80 行.
NOTIC: [8] Use of undefined constant parent_id - assumed 'parent_id' C:\phpDome\shop\Runtime\Cache\Home\2f412aae274b751dca883838bf7e7502.php 第 80 行.
NOTIC: [8] Use of undefined constant cat_id - assumed 'cat_id' C:\phpDome\shop\Runtime\Cache\Home\2f412aae274b751dca883838bf7e7502.php 第 80 行.
NOTIC: [8] Use of undefined constant cat_id - assumed 'cat_id' C:\phpDome\shop\Runtime\Cache\Home\2f412aae274b751dca883838bf7e7502.php 第 80 行.
NOTIC: [8] Use of undefined constant parent_id - assumed 'parent_id' C:\phpDome\shop\Runtime\Cache\Home\2f412aae274b751dca883838bf7e7502.php 第 80 行.
NOTIC: [8] Use of undefined constant cat_id - assumed 'cat_id' C:\phpDome\shop\Runtime\Cache\Home\2f412aae274b751dca883838bf7e7502.php 第 80 行.
NOTIC: [8] Use of undefined constant parent_id - assumed 'parent_id' C:\phpDome\shop\Runtime\Cache\Home\2f412aae274b751dca883838bf7e7502.php 第 80 行.
NOTIC: [8] Use of undefined constant cat_id - assumed 'cat_id' C:\phpDome\shop\Runtime\Cache\Home\2f412aae274b751dca883838bf7e7502.php 第 80 行.
NOTIC: [8] Use of undefined constant parent_id - assumed 'parent_id' C:\phpDome\shop\Runtime\Cache\Home\2f412aae274b751dca883838bf7e7502.php 第 80 行.
NOTIC: [8] Use of undefined constant count - assumed 'count' C:\phpDome\shop\Runtime\Cache\Home\2f412aae274b751dca883838bf7e7502.php 第 77 行.
NOTIC: [8] Use of undefined constant count - assumed 'count' C:\phpDome\shop\Runtime\Cache\Home\2f412aae274b751dca883838bf7e7502.php 第 77 行.
NOTIC: [8] Use of undefined constant count - assumed 'count' C:\phpDome\shop\Runtime\Cache\Home\2f412aae274b751dca883838bf7e7502.php 第 77 行.
NOTIC: [8] Use of undefined constant cat_id - assumed 'cat_id' C:\phpDome\shop\Runtime\Cache\Home\2f412aae274b751dca883838bf7e7502.php 第 80 行.
NOTIC: [8] Use of undefined constant parent_id - assumed 'parent_id' C:\phpDome\shop\Runtime\Cache\Home\2f412aae274b751dca883838bf7e7502.php 第 80 行.
NOTIC: [8] Use of undefined constant cat_id - assumed 'cat_id' C:\phpDome\shop\Runtime\Cache\Home\2f412aae274b751dca883838bf7e7502.php 第 80 行.
NOTIC: [8] Use of undefined constant parent_id - assumed 'parent_id' C:\phpDome\shop\Runtime\Cache\Home\2f412aae274b751dca883838bf7e7502.php 第 80 行.
NOTIC: [8] Use of undefined constant cat_id - assumed 'cat_id' C:\phpDome\shop\Runtime\Cache\Home\2f412aae274b751dca883838bf7e7502.php 第 80 行.
NOTIC: [8] Use of undefined constant parent_id - assumed 'parent_id' C:\phpDome\shop\Runtime\Cache\Home\2f412aae274b751dca883838bf7e7502.php 第 80 行.
NOTIC: [8] Use of undefined constant cat_id - assumed 'cat_id' C:\phpDome\shop\Runtime\Cache\Home\2f412aae274b751dca883838bf7e7502.php 第 80 行.
NOTIC: [8] Use of undefined constant parent_id - assumed 'parent_id' C:\phpDome\shop\Runtime\Cache\Home\2f412aae274b751dca883838bf7e7502.php 第 80 行.
NOTIC: [8] Use of undefined constant cat_id - assumed 'cat_id' C:\phpDome\shop\Runtime\Cache\Home\2f412aae274b751dca883838bf7e7502.php 第 80 行.
NOTIC: [8] Use of undefined constant parent_id - assumed 'parent_id' C:\phpDome\shop\Runtime\Cache\Home\2f412aae274b751dca883838bf7e7502.php 第 80 行.
NOTIC: [8] Use of undefined constant cat_id - assumed 'cat_id' C:\phpDome\shop\Runtime\Cache\Home\2f412aae274b751dca883838bf7e7502.php 第 80 行.
NOTIC: [8] Use of undefined constant parent_id - assumed 'parent_id' C:\phpDome\shop\Runtime\Cache\Home\2f412aae274b751dca883838bf7e7502.php 第 80 行.
NOTIC: [8] Use of undefined constant cat_id - assumed 'cat_id' C:\phpDome\shop\Runtime\Cache\Home\2f412aae274b751dca883838bf7e7502.php 第 80 行.
NOTIC: [8] Use of undefined constant parent_id - assumed 'parent_id' C:\phpDome\shop\Runtime\Cache\Home\2f412aae274b751dca883838bf7e7502.php 第 80 行.
NOTIC: [8] Use of undefined constant cat_id - assumed 'cat_id' C:\phpDome\shop\Runtime\Cache\Home\2f412aae274b751dca883838bf7e7502.php 第 80 行.
NOTIC: [8] Use of undefined constant parent_id - assumed 'parent_id' C:\phpDome\shop\Runtime\Cache\Home\2f412aae274b751dca883838bf7e7502.php 第 80 行.
NOTIC: [8] Use of undefined constant cat_id - assumed 'cat_id' C:\phpDome\shop\Runtime\Cache\Home\2f412aae274b751dca883838bf7e7502.php 第 80 行.
NOTIC: [8] Use of undefined constant cat_id - assumed 'cat_id' C:\phpDome\shop\Runtime\Cache\Home\2f412aae274b751dca883838bf7e7502.php 第 80 行.
NOTIC: [8] Use of undefined constant parent_id - assumed 'parent_id' C:\phpDome\shop\Runtime\Cache\Home\2f412aae274b751dca883838bf7e7502.php 第 80 行.
NOTIC: [8] Use of undefined constant count - assumed 'count' C:\phpDome\shop\Runtime\Cache\Home\2f412aae274b751dca883838bf7e7502.php 第 77 行.
NOTIC: [8] Use of undefined constant count - assumed 'count' C:\phpDome\shop\Runtime\Cache\Home\2f412aae274b751dca883838bf7e7502.php 第 77 行.
NOTIC: [8] Undefined variable: his C:\phpDome\shop\Runtime\Cache\Home\2f412aae274b751dca883838bf7e7502.php 第 123 行.
NOTIC: [8] Undefined variable: hot C:\phpDome\shop\Runtime\Cache\Home\2f412aae274b751dca883838bf7e7502.php 第 192 行.
INFO: Run Behavior\ParseTemplateBehavior [ RunTime:0.020002s ]
INFO: [ view_parse ] --END-- [ RunTime:0.020002s ]
INFO: [ view_filter ] --START--
INFO: Run Behavior\WriteHtmlCacheBehavior [ RunTime:0.001000s ]
INFO: [ view_filter ] --END-- [ RunTime:0.001000s ]
INFO: [ app_end ] --START--
INFO: Run Behavior\ShowPageTraceBehavior [ RunTime:0.001000s ]
INFO: [ app_end ] --END-- [ RunTime:0.001000s ]

